<?xml version="1.0" encoding="UTF-8"?>
<!-- Generated by org.testng.reporters.JUnitReportReporter -->
<testsuite skipped="0" hostname="DESKTOP-PB44JCV" name="scripts.Addtocart" tests="1" failures="0" timestamp="2021-09-05T16:42:04 IST" time="17.309" errors="0">
  <testcase name="tc1" time="17.309" classname="scripts.Addtocart"/>
  <system-out>
    <![CDATA[SkillRary Courses]]>
  </system-out>
</testsuite> <!-- scripts.Addtocart -->
